Resuming checkpointed repair: /Users/milo/Desktop/soccer_bot/data/warehouse/soccer.evidence_link_repair.working.duckdb
Priming in-memory identity caches...
Replay plan: 1,352 phase/artifact checkpoints; 0 remaining.
Replay complete. Running warehouse quality checks...
{
  "api_player_identity_collisions": 0,
  "backup": "data/warehouse/soccer.pre_evidence_link_repair.duckdb",
  "bad_starter_snapshots": 0,
  "blocking_quality_issues": 0,
  "checkpoints_completed_this_run": 0,
  "link_metrics_after": {
    "bad_starter_snapshots": 0,
    "lineup_players": 499879,
    "lineup_snapshots": 23660,
    "linked_rows": 490301,
    "pending_aliases": 9261,
    "role_conflicts": 0,
    "shirt_conflicts": 0,
    "unlisted_participants": 867
  },
  "link_metrics_before": {
    "bad_starter_snapshots": 0,
    "lineup_players": 499879,
    "lineup_snapshots": 23660,
    "linked_rows": 485413,
    "pending_aliases": 0,
    "role_conflicts": 759,
    "shirt_conflicts": 167,
    "unlisted_participants": 104
  },
  "mode": "apply",
  "protected_fingerprints_unchanged": true,
  "replayed_matches": 0,
  "replayed_raw_artifacts": 803,
  "review_report": "reports/API_PLAYER_LINK_REVIEW.md"
}
